<?xml version="1.0" encoding="UTF-8"?>
<testng-results skipped="0" failed="0" ignored="0" total="1" passed="1">
  <reporter-output>
  </reporter-output>
  <suite name="Default suite" duration-ms="172" started-at="2017-12-15T09:35:47Z" finished-at="2017-12-15T09:35:47Z">
    <groups>
    </groups>
    <test name="Default test" duration-ms="172" started-at="2017-12-15T09:35:47Z" finished-at="2017-12-15T09:35:47Z">
      <class name="com.test.testng.programs.ExecutionOrder">
        <test-method status="PASS" signature="executionOrder()[pri:0, instance:com.test.testng.programs.ExecutionOrder@70f822e]" name="executionOrder" duration-ms="30" started-at="2017-12-15T15:05:47Z" finished-at="2017-12-15T15:05:47Z">
          <reporter-output>
          </reporter-output>
        </test-method> <!-- executionOrder -->
      </class> <!-- com.test.testng.programs.ExecutionOrder -->
    </test> <!-- Default test -->
  </suite> <!-- Default suite -->
</testng-results>
